Using pre-set license
Built from '2020.3/staging' branch; Version is '2020.3.4f1 (0abb6314276a) revision 703331'; Using compiler version '192528614'; Build Type 'Release'
OS: 'Windows 10 Education; OS build 18363.1500; Version 1909; 64bit' Language: 'ru' Physical Memory: 32683 MB
BatchMode: 1, IsHumanControllingUs: 0, StartBugReporterOnCrash: 0, Is64bit: 1, IsPro: 0

 COMMAND LINE ARGUMENTS:
C:\Program Files\Unity\Hub\Editor\2020.3.4f1\Editor\Unity.exe
-adb2
-batchMode
-noUpm
-name
AssetImportWorker0
-projectPath
C:/Projects/WakeApp/WakeAppTZ
-logFile
Logs/AssetImportWorker0.log
-srvPort
62093
Successfully changed project path to: C:/Projects/WakeApp/WakeAppTZ
C:/Projects/WakeApp/WakeAppTZ
Using Asset Import Pipeline V2.
Refreshing native plugins compatible for Editor in 22.94 ms, found 0 plugins.
Preloading 0 native plugins for Editor in 0.00 ms.
Initialize engine version: 2020.3.4f1 (0abb6314276a)
[Subsystems] Discovering subsystems at path C:/Program Files/Unity/Hub/Editor/2020.3.4f1/Editor/Data/Resources/UnitySubsystems
[Subsystems] Discovering subsystems at path C:/Projects/WakeApp/WakeAppTZ/Assets
GfxDevice: creating device client; threaded=0
Direct3D:
    Version:  Direct3D 11.0 [level 11.1]
    Renderer: NVIDIA GeForce RTX 2060 (ID=0x1f08)
    Vendor:   
    VRAM:     5980 MB
    Driver:   27.21.14.5751
Initialize mono
Mono path[0] = 'C:/Program Files/Unity/Hub/Editor/2020.3.4f1/Editor/Data/Managed'
Mono path[1] = 'C:/Program Files/Unity/Hub/Editor/2020.3.4f1/Editor/Data/MonoBleedingEdge/lib/mono/unityjit'
Mono config path = 'C:/Program Files/Unity/Hub/Editor/2020.3.4f1/Editor/Data/MonoBleedingEdge/etc'
Using monoOptions --debugger-agent=transport=dt_socket,embedding=1,server=y,suspend=n,address=127.0.0.1:56624
Begin MonoManager ReloadAssembly
Registering precompiled unity dll's ...
Register platform support module: C:/Program Files/Unity/Hub/Editor/2020.3.4f1/Editor/Data/PlaybackEngines/WindowsStandaloneSupport/UnityEditor.WindowsStandalone.Extensions.dll
Registered in 0.001363 seconds.
Native extension for WindowsStandalone target not found
Refreshing native plugins compatible for Editor in 20.97 ms, found 0 plugins.
Preloading 0 native plugins for Editor in 0.00 ms.
Mono: successfully reloaded assembly
- Completed reload, in  1.059 seconds
Platform modules already initialized, skipping
Registering precompiled user dll's ...
Registered in 0.001185 seconds.
Begin MonoManager ReloadAssembly
Native extension for WindowsStandalone target not found
Refreshing native plugins compatible for Editor in 0.20 ms, found 0 plugins.
Preloading 0 native plugins for Editor in 0.00 ms.
Mono: successfully reloaded assembly
- Completed reload, in  0.750 seconds
Platform modules already initialized, skipping
========================================================================
Worker process is ready to serve import requests
Launched and connected shader compiler UnityShaderCompiler.exe after 0.03 seconds
Refreshing native plugins compatible for Editor in 0.20 ms, found 0 plugins.
Preloading 0 native plugins for Editor in 0.00 ms.
Unloading 1151 Unused Serialized files (Serialized files now loaded: 0)
System memory in use before: 58.0 MB.
System memory in use after: 58.1 MB.

Unloading 12 unused Assets to reduce memory usage. Loaded Objects now: 1597.
Total: 1.419300 ms (FindLiveObjects: 0.122200 ms CreateObjectMapping: 0.037900 ms MarkObjects: 1.193700 ms  DeleteObjects: 0.064700 ms)

========================================================================
Received Import Request.
  path: Assets/Scripts/Controllers/EnemyController.cs
  artifactKey: Guid(9716e0847c05ae44f8171843b2a2729e) Importer(815301076,1909f56bfc062723c751e8b465ee728b)
Start importing Assets/Scripts/Controllers/EnemyController.cs using Guid(9716e0847c05ae44f8171843b2a2729e) Importer(815301076,1909f56bfc062723c751e8b465ee728b)  -> (artifact id: '53d1ace17862f562d9d0a00132b63883') in 0.016236 seconds
  Import took 0.017847 seconds .

========================================================================
Received Import Request.
  Time since last request: 10.032845 seconds.
  path: Assets/Resources/UI/MainMenu.prefab
  artifactKey: Guid(58bbdff0e280c6549b5d47779a2b01e6) Importer(815301076,1909f56bfc062723c751e8b465ee728b)
Start importing Assets/Resources/UI/MainMenu.prefab using Guid(58bbdff0e280c6549b5d47779a2b01e6) Importer(815301076,1909f56bfc062723c751e8b465ee728b)  -> (artifact id: 'e23dcf0a9593cdc62b277f2f23de9b6b') in 0.041290 seconds
  Import took 0.043167 seconds .

========================================================================
Received Import Request.
  Time since last request: 2.557664 seconds.
  path: Assets/Resources/UI/MainMenu.prefab
  artifactKey: Guid(58bbdff0e280c6549b5d47779a2b01e6) Importer(815301076,1909f56bfc062723c751e8b465ee728b)
Start importing Assets/Resources/UI/MainMenu.prefab using Guid(58bbdff0e280c6549b5d47779a2b01e6) Importer(815301076,1909f56bfc062723c751e8b465ee728b)  -> (artifact id: '4b7f0f8afe4d67ace272bb30d0153085') in 0.003422 seconds
  Import took 0.005072 seconds .

========================================================================
Received Prepare
Registering precompiled user dll's ...
Registered in 0.001057 seconds.
Begin MonoManager ReloadAssembly
Native extension for WindowsStandalone target not found
Refreshing native plugins compatible for Editor in 0.20 ms, found 0 plugins.
Preloading 0 native plugins for Editor in 0.00 ms.
Mono: successfully reloaded assembly
- Completed reload, in  0.639 seconds
Platform modules already initialized, skipping
Refreshing native plugins compatible for Editor in 0.20 ms, found 0 plugins.
Preloading 0 native plugins for Editor in 0.00 ms.
Unloading 1146 Unused Serialized files (Serialized files now loaded: 0)
System memory in use before: 58.0 MB.
System memory in use after: 58.1 MB.

Unloading 9 unused Assets to reduce memory usage. Loaded Objects now: 1602.
Total: 1.450700 ms (FindLiveObjects: 0.102700 ms CreateObjectMapping: 0.027100 ms MarkObjects: 1.254100 ms  DeleteObjects: 0.066100 ms)

========================================================================
Received Prepare
Registering precompiled user dll's ...
Registered in 0.001073 seconds.
Begin MonoManager ReloadAssembly
Native extension for WindowsStandalone target not found
Refreshing native plugins compatible for Editor in 0.20 ms, found 0 plugins.
Preloading 0 native plugins for Editor in 0.00 ms.
Mono: successfully reloaded assembly
- Completed reload, in  0.647 seconds
Platform modules already initialized, skipping
Refreshing native plugins compatible for Editor in 0.20 ms, found 0 plugins.
Preloading 0 native plugins for Editor in 0.00 ms.
Unloading 1146 Unused Serialized files (Serialized files now loaded: 0)
System memory in use before: 58.1 MB.
System memory in use after: 58.1 MB.

Unloading 7 unused Assets to reduce memory usage. Loaded Objects now: 1605.
Total: 1.281800 ms (FindLiveObjects: 0.126300 ms CreateObjectMapping: 0.030900 ms MarkObjects: 1.065300 ms  DeleteObjects: 0.058500 ms)

========================================================================
Received Prepare
Registering precompiled user dll's ...
Registered in 0.001052 seconds.
Begin MonoManager ReloadAssembly
Native extension for WindowsStandalone target not found
Refreshing native plugins compatible for Editor in 0.28 ms, found 0 plugins.
Preloading 0 native plugins for Editor in 0.00 ms.
Mono: successfully reloaded assembly
- Completed reload, in  0.635 seconds
Platform modules already initialized, skipping
Refreshing native plugins compatible for Editor in 0.20 ms, found 0 plugins.
Preloading 0 native plugins for Editor in 0.00 ms.
Unloading 1146 Unused Serialized files (Serialized files now loaded: 0)
System memory in use before: 58.1 MB.
System memory in use after: 58.1 MB.

Unloading 7 unused Assets to reduce memory usage. Loaded Objects now: 1608.
Total: 1.291600 ms (FindLiveObjects: 0.123500 ms CreateObjectMapping: 0.029700 ms MarkObjects: 1.075300 ms  DeleteObjects: 0.062400 ms)

========================================================================
Received Prepare
Registering precompiled user dll's ...
Registered in 0.001126 seconds.
Begin MonoManager ReloadAssembly
Native extension for WindowsStandalone target not found
Refreshing native plugins compatible for Editor in 0.20 ms, found 0 plugins.
Preloading 0 native plugins for Editor in 0.00 ms.
Mono: successfully reloaded assembly
- Completed reload, in  0.664 seconds
Platform modules already initialized, skipping
Refreshing native plugins compatible for Editor in 0.20 ms, found 0 plugins.
Preloading 0 native plugins for Editor in 0.00 ms.
Unloading 1146 Unused Serialized files (Serialized files now loaded: 0)
System memory in use before: 58.1 MB.
System memory in use after: 58.2 MB.

Unloading 7 unused Assets to reduce memory usage. Loaded Objects now: 1611.
Total: 1.398700 ms (FindLiveObjects: 0.138400 ms CreateObjectMapping: 0.033200 ms MarkObjects: 1.161900 ms  DeleteObjects: 0.064500 ms)

========================================================================
Received Prepare
Registering precompiled user dll's ...
Registered in 0.001071 seconds.
Begin MonoManager ReloadAssembly
Native extension for WindowsStandalone target not found
Refreshing native plugins compatible for Editor in 0.20 ms, found 0 plugins.
Preloading 0 native plugins for Editor in 0.00 ms.
Mono: successfully reloaded assembly
- Completed reload, in  0.653 seconds
Platform modules already initialized, skipping
Refreshing native plugins compatible for Editor in 0.19 ms, found 0 plugins.
Preloading 0 native plugins for Editor in 0.00 ms.
Unloading 1146 Unused Serialized files (Serialized files now loaded: 0)
System memory in use before: 58.1 MB.
System memory in use after: 58.2 MB.

Unloading 7 unused Assets to reduce memory usage. Loaded Objects now: 1614.
Total: 1.483500 ms (FindLiveObjects: 0.123400 ms CreateObjectMapping: 0.031300 ms MarkObjects: 1.258400 ms  DeleteObjects: 0.069400 ms)

AssetImportWorkerClient::OnTransportError - code=2 error=End of file
